Build started 20/3/2015 18:27:36.
     1>Project "C:\Lucky888\Lucky888\Lucky888.vcxproj" on node 2 (build target(s)).
     1>PrepareForBuild:
         Creating directory "C:\Lucky888\Debug\".
       InitializeBuildStatus:
         Creating "Debug\Lucky888.unsuccessfulbuild" because "AlwaysCreate" was specified.
       GenerateTargetFrameworkMonikerAttribute:
       Skipping target "GenerateTargetFrameworkMonikerAttribute" because all output files are up-to-date with respect to the input files.
       ClCompile:
         C:\Program Files\Microsoft Visual Studio 10.0\VC\bin\CL.exe /c /AI"C:\Program Files\Reference Assemblies\Microsoft\Framework\.NETFramework\v4.0" /Zi /clr:pure /nologo /W3 /WX- /Od /Oy- /D WIN32 /D _DEBUG /D _UNICODE /D UNICODE /EHa /MDd /GS /fp:precise /Zc:wchar_t /Zc:forScope /Yc"StdAfx.h" /Fp"Debug\Lucky888.pch" /Fo"Debug\\" /Fd"Debug\vc100.pdb" /TP /FU"C:\Program Files\Reference Assemblies\Microsoft\Framework\.NETFramework\v4.0\System.Core.dll" /FU"C:\Program Files\Reference Assemblies\Microsoft\Framework\.NETFramework\v4.0\System.Data.dll" /FU"C:\Program Files\Reference Assemblies\Microsoft\Framework\.NETFramework\v4.0\System.dll" /FU"C:\Program Files\Reference Assemblies\Microsoft\Framework\.NETFramework\v4.0\System.Drawing.dll" /FU"C:\Program Files\Reference Assemblies\Microsoft\Framework\.NETFramework\v4.0\System.Windows.Forms.dll" /FU"C:\Program Files\Reference Assemblies\Microsoft\Framework\.NETFramework\v4.0\System.Xml.dll" /analyze- /errorReport:prompt stdafx.cpp /clr:nostdlib 
         stdafx.cpp
         C:\Program Files\Microsoft Visual Studio 10.0\VC\bin\CL.exe /c /AI"C:\Program Files\Reference Assemblies\Microsoft\Framework\.NETFramework\v4.0" /Zi /clr:pure /nologo /W3 /WX- /Od /Oy- /D WIN32 /D _DEBUG /D _UNICODE /D UNICODE /EHa /MDd /GS /fp:precise /Zc:wchar_t /Zc:forScope /Yu"StdAfx.h" /Fp"Debug\Lucky888.pch" /Fo"Debug\\" /Fd"Debug\vc100.pdb" /TP /FU"C:\Program Files\Reference Assemblies\Microsoft\Framework\.NETFramework\v4.0\System.Core.dll" /FU"C:\Program Files\Reference Assemblies\Microsoft\Framework\.NETFramework\v4.0\System.Data.dll" /FU"C:\Program Files\Reference Assemblies\Microsoft\Framework\.NETFramework\v4.0\System.dll" /FU"C:\Program Files\Reference Assemblies\Microsoft\Framework\.NETFramework\v4.0\System.Drawing.dll" /FU"C:\Program Files\Reference Assemblies\Microsoft\Framework\.NETFramework\v4.0\System.Windows.Forms.dll" /FU"C:\Program Files\Reference Assemblies\Microsoft\Framework\.NETFramework\v4.0\System.Xml.dll" /analyze- /errorReport:prompt AssemblyInfo.cpp Lucky888.cpp main.cpp pokercard.cpp registration.cpp /clr:nostdlib 
         AssemblyInfo.cpp
         Lucky888.cpp
         main.cpp
         pokercard.cpp
         registration.cpp
         Generating Code...
     1>c:\lucky888\lucky888\main.h(152): warning C4715: 'Lucky888::Main::royalFlushCheck' : not all control paths return a value
     1>c:\lucky888\lucky888\main.h(554): warning C4715: 'Lucky888::Main::typeNumber' : not all control paths return a value
     1>c:\lucky888\lucky888\main.h(152): warning C4715: 'Lucky888::Main::royalFlushCheck' : not all control paths return a value
     1>c:\lucky888\lucky888\main.h(554): warning C4715: 'Lucky888::Main::typeNumber' : not all control paths return a value
         C:\Program Files\Microsoft Visual Studio 10.0\VC\bin\CL.exe /c /Zi /clr:pure /nologo /W3 /WX- /Od /Oy- /D WIN32 /D _DEBUG /D _UNICODE /D UNICODE /EHa /MDd /GS /fp:precise /Zc:wchar_t /Zc:forScope /Fo"Debug\\" /Fd"Debug\vc100.pdb" /TP /analyze- /errorReport:prompt "C:\Temp\.NETFramework,Version=v4.0.AssemblyAttributes.cpp"
         .NETFramework,Version=v4.0.AssemblyAttributes.cpp
       CoreResGen:
         "C:\Program Files\Microsoft SDKs\Windows\v7.0A\bin\NETFX 4.0 Tools\resgen.exe" /useSourcePath /r:"C:\Program Files\Reference Assemblies\Microsoft\Framework\.NETFramework\v4.0\System.Core.dll" /r:"C:\Program Files\Reference Assemblies\Microsoft\Framework\.NETFramework\v4.0\System.Data.dll" /r:"C:\Program Files\Reference Assemblies\Microsoft\Framework\.NETFramework\v4.0\System.dll" /r:"C:\Program Files\Reference Assemblies\Microsoft\Framework\.NETFramework\v4.0\System.Drawing.dll" /r:"C:\Program Files\Reference Assemblies\Microsoft\Framework\.NETFramework\v4.0\System.Windows.Forms.dll" /r:"C:\Program Files\Reference Assemblies\Microsoft\Framework\.NETFramework\v4.0\System.Xml.dll" /compile login.resX,Debug\Lucky888.login.resources main.resx,Debug\Lucky888.main.resources registration.resx,Debug\Lucky888.registration.resources
         Processing resource file "login.resX" into "Debug\Lucky888.login.resources".
         Processing resource file "main.resx" into "Debug\Lucky888.main.resources".
         Processing resource file "registration.resx" into "Debug\Lucky888.registration.resources".
       ResourceCompile:
         C:\Program Files\Microsoft SDKs\Windows\v7.0A\bin\rc.exe /D _UNICODE /D UNICODE /l"0x0409" /nologo /fo"Debug\app.res" app.rc 
       Link:
         C:\Program Files\Microsoft Visual Studio 10.0\VC\bin\link.exe /ERRORREPORT:PROMPT /OUT:"C:\Lucky888\Debug\Lucky888.exe" /INCREMENTAL /NOLOGO /ASSEMBLYRESOURCE:Debug\Lucky888.login.resources /ASSEMBLYRESOURCE:Debug\Lucky888.main.resources /ASSEMBLYRESOURCE:Debug\Lucky888.registration.resources /MANIFEST /ManifestFile:"Debug\Lucky888.exe.intermediate.manifest" /MANIFESTUAC:"level='asInvoker' uiAccess='false'" /DEBUG /PDB:"C:\Lucky888\Debug\Lucky888.pdb" /ASSEMBLYDEBUG /SUBSYSTEM:WINDOWS /TLBID:1 /ENTRY:"main" /DYNAMICBASE /FIXED:NO /NXCOMPAT /MACHINE:X86 Debug\app.res
         Debug\AssemblyInfo.obj
         Debug\Lucky888.obj
         Debug\main.obj
         Debug\pokercard.obj
         Debug\registration.obj
         Debug\stdafx.obj
         "Debug\.NETFramework,Version=v4.0.AssemblyAttributes.obj"
         Lucky888.vcxproj -> C:\Lucky888\Debug\Lucky888.exe
       Manifest:
         C:\Program Files\Microsoft SDKs\Windows\v7.0A\bin\mt.exe /nologo /verbose /outputresource:"C:\Lucky888\Debug\Lucky888.exe;#1" /manifest Debug\Lucky888.exe.intermediate.manifest
       FinalizeBuildStatus:
         Deleting file "Debug\Lucky888.unsuccessfulbuild".
         Touching "Debug\Lucky888.lastbuildstate".
     1>Done Building Project "C:\Lucky888\Lucky888\Lucky888.vcxproj" (build target(s)).

Build succeeded.

Time Elapsed 00:00:04.25
